1483084573289	geckodriver	INFO	Listening on 127.0.0.1:60423
1483084574280	mozprofile::profile	INFO	Using profile path /var/folders/8l/v_h4m26d2r39zrq0q46g9cdm0000gn/T/rust_mozprofile.KZe8kN5N1Ce5
1483084574282	geckodriver::marionette	INFO	Starting browser /Applications/Firefox.app/Contents/MacOS/firefox-bin
1483084574292	geckodriver::marionette	INFO	Connecting to Marionette on localhost:60433
1483084574950	Marionette	INFO	Listening on port 60433
1483084625884	geckodriver	INFO	Listening on 127.0.0.1:60506
1483084626880	mozprofile::profile	INFO	Using profile path /var/folders/8l/v_h4m26d2r39zrq0q46g9cdm0000gn/T/rust_mozprofile.KLy71kVcLkf4
1483084626881	geckodriver::marionette	INFO	Starting browser /Applications/Firefox.app/Contents/MacOS/firefox-bin
1483084626884	geckodriver::marionette	INFO	Connecting to Marionette on localhost:60515
1483084627545	Marionette	INFO	Listening on port 60515
1483087313115	geckodriver	INFO	Listening on 127.0.0.1:62565
1483087314111	mozprofile::profile	INFO	Using profile path /var/folders/8l/v_h4m26d2r39zrq0q46g9cdm0000gn/T/rust_mozprofile.GocaNnC8cyu2
1483087314112	geckodriver::marionette	INFO	Starting browser /Applications/Firefox.app/Contents/MacOS/firefox-bin
1483087314124	geckodriver::marionette	INFO	Connecting to Marionette on localhost:62574
1483087314837	Marionette	INFO	Listening on port 62574
1483087406823	geckodriver	INFO	Listening on 127.0.0.1:62713
1483087407831	mozprofile::profile	INFO	Using profile path /var/folders/8l/v_h4m26d2r39zrq0q46g9cdm0000gn/T/rust_mozprofile.IpLjz7sPpSS0
1483087407832	geckodriver::marionette	INFO	Starting browser /Applications/Firefox.app/Contents/MacOS/firefox-bin
1483087407843	geckodriver::marionette	INFO	Connecting to Marionette on localhost:62724
1483087408523	Marionette	INFO	Listening on port 62724
1483087660658	geckodriver	INFO	Listening on 127.0.0.1:62958
1483087661662	mozprofile::profile	INFO	Using profile path /var/folders/8l/v_h4m26d2r39zrq0q46g9cdm0000gn/T/rust_mozprofile.mliEEglIKZ7N
1483087661664	geckodriver::marionette	INFO	Starting browser /Applications/Firefox.app/Contents/MacOS/firefox-bin
1483087661676	geckodriver::marionette	INFO	Connecting to Marionette on localhost:62968
1483087662349	Marionette	INFO	Listening on port 62968
1483088333472	geckodriver	INFO	Listening on 127.0.0.1:63403
1483088334478	mozprofile::profile	INFO	Using profile path /var/folders/8l/v_h4m26d2r39zrq0q46g9cdm0000gn/T/rust_mozprofile.KJbWouqLqjnl
1483088334479	geckodriver::marionette	INFO	Starting browser /Applications/Firefox.app/Contents/MacOS/firefox-bin
1483088334483	geckodriver::marionette	INFO	Connecting to Marionette on localhost:63412
1483088335214	Marionette	INFO	Listening on port 63412
1483088494947	geckodriver	INFO	Listening on 127.0.0.1:63649
1483088495947	mozprofile::profile	INFO	Using profile path /var/folders/8l/v_h4m26d2r39zrq0q46g9cdm0000gn/T/rust_mozprofile.EnLeXeQeJua2
1483088495948	geckodriver::marionette	INFO	Starting browser /Applications/Firefox.app/Contents/MacOS/firefox-bin
1483088495960	geckodriver::marionette	INFO	Connecting to Marionette on localhost:63658
1483088496628	Marionette	INFO	Listening on port 63658
1483088753939	geckodriver	INFO	Listening on 127.0.0.1:63886
1483088754942	mozprofile::profile	INFO	Using profile path /var/folders/8l/v_h4m26d2r39zrq0q46g9cdm0000gn/T/rust_mozprofile.C6YiwvvrndXP
1483088754943	geckodriver::marionette	INFO	Starting browser /Applications/Firefox.app/Contents/MacOS/firefox-bin
1483088754955	geckodriver::marionette	INFO	Connecting to Marionette on localhost:63895
1483088755640	Marionette	INFO	Listening on port 63895
1483090370477	geckodriver	INFO	Listening on 127.0.0.1:64501
1483090371479	mozprofile::profile	INFO	Using profile path /var/folders/8l/v_h4m26d2r39zrq0q46g9cdm0000gn/T/rust_mozprofile.zsj7F1fRr1Jj
1483090371480	geckodriver::marionette	INFO	Starting browser /Applications/Firefox.app/Contents/MacOS/firefox-bin
1483090371493	geckodriver::marionette	INFO	Connecting to Marionette on localhost:64510
1483090372226	Marionette	INFO	Listening on port 64510
1483090410409	geckodriver	INFO	Listening on 127.0.0.1:64632
1483090411413	mozprofile::profile	INFO	Using profile path /var/folders/8l/v_h4m26d2r39zrq0q46g9cdm0000gn/T/rust_mozprofile.TWeGUmi9kYD7
1483090411414	geckodriver::marionette	INFO	Starting browser /Applications/Firefox.app/Contents/MacOS/firefox-bin
1483090411424	geckodriver::marionette	INFO	Connecting to Marionette on localhost:64641
1483090412322	Marionette	INFO	Listening on port 64641
1483090492800	geckodriver	INFO	Listening on 127.0.0.1:64786
1483090493807	mozprofile::profile	INFO	Using profile path /var/folders/8l/v_h4m26d2r39zrq0q46g9cdm0000gn/T/rust_mozprofile.23ATbbfoNyfo
1483090493808	geckodriver::marionette	INFO	Starting browser /Applications/Firefox.app/Contents/MacOS/firefox-bin
1483090493812	geckodriver::marionette	INFO	Connecting to Marionette on localhost:64795
1483090494507	Marionette	INFO	Listening on port 64795
1483090525240	geckodriver	INFO	Listening on 127.0.0.1:64918
1483090525245	mozprofile::profile	INFO	Using profile path /var/folders/8l/v_h4m26d2r39zrq0q46g9cdm0000gn/T/rust_mozprofile.Ca1rG7KpTM6L
1483090525246	geckodriver::marionette	INFO	Starting browser /Applications/Firefox.app/Contents/MacOS/firefox-bin
1483090525248	geckodriver::marionette	INFO	Connecting to Marionette on localhost:64925
1483090525918	Marionette	INFO	Listening on port 64925
1483090627665	geckodriver	INFO	Listening on 127.0.0.1:65066
1483090628672	mozprofile::profile	INFO	Using profile path /var/folders/8l/v_h4m26d2r39zrq0q46g9cdm0000gn/T/rust_mozprofile.tYJW4dWbqQmW
1483090628673	geckodriver::marionette	INFO	Starting browser /Applications/Firefox.app/Contents/MacOS/firefox-bin
1483090628685	geckodriver::marionette	INFO	Connecting to Marionette on localhost:65075
1483090629393	Marionette	INFO	Listening on port 65075
1483090936745	geckodriver	INFO	Listening on 127.0.0.1:65295
1483090937745	mozprofile::profile	INFO	Using profile path /var/folders/8l/v_h4m26d2r39zrq0q46g9cdm0000gn/T/rust_mozprofile.mUKN2m8zhRGY
1483090937746	geckodriver::marionette	INFO	Starting browser /Applications/Firefox.app/Contents/MacOS/firefox-bin
1483090937749	geckodriver::marionette	INFO	Connecting to Marionette on localhost:65305
1483090938462	Marionette	INFO	Listening on port 65305
1483090975025	geckodriver	INFO	Listening on 127.0.0.1:65424
1483090976032	mozprofile::profile	INFO	Using profile path /var/folders/8l/v_h4m26d2r39zrq0q46g9cdm0000gn/T/rust_mozprofile.saq2kP7geh9Y
1483090976033	geckodriver::marionette	INFO	Starting browser /Applications/Firefox.app/Contents/MacOS/firefox-bin
1483090976036	geckodriver::marionette	INFO	Connecting to Marionette on localhost:65433
1483090976695	Marionette	INFO	Listening on port 65433
1483099719428	geckodriver	INFO	Listening on 127.0.0.1:55197
1483099719473	mozprofile::profile	INFO	Using profile path /var/folders/8l/v_h4m26d2r39zrq0q46g9cdm0000gn/T/rust_mozprofile.Ah1hmqOlvFhd
1483099719474	geckodriver::marionette	INFO	Starting browser /Applications/Firefox.app/Contents/MacOS/firefox-bin
1483099719477	geckodriver::marionette	INFO	Connecting to Marionette on localhost:55204
1483099720307	Marionette	INFO	Listening on port 55204
1483099840634	geckodriver	INFO	Listening on 127.0.0.1:55641
1483099841644	mozprofile::profile	INFO	Using profile path /var/folders/8l/v_h4m26d2r39zrq0q46g9cdm0000gn/T/rust_mozprofile.xqA3WidqkACq
1483099841645	geckodriver::marionette	INFO	Starting browser /Applications/Firefox.app/Contents/MacOS/firefox-bin
1483099841657	geckodriver::marionette	INFO	Connecting to Marionette on localhost:55650
1483099842416	Marionette	INFO	Listening on port 55650
1483100009252	geckodriver	INFO	Listening on 127.0.0.1:56088
1483100010260	mozprofile::profile	INFO	Using profile path /var/folders/8l/v_h4m26d2r39zrq0q46g9cdm0000gn/T/rust_mozprofile.r6xzptpZlIva
1483100010261	geckodriver::marionette	INFO	Starting browser /Applications/Firefox.app/Contents/MacOS/firefox-bin
1483100010272	geckodriver::marionette	INFO	Connecting to Marionette on localhost:56097
1483100010999	Marionette	INFO	Listening on port 56097
1483100422368	geckodriver	INFO	Listening on 127.0.0.1:57276
1483100423376	mozprofile::profile	INFO	Using profile path /var/folders/8l/v_h4m26d2r39zrq0q46g9cdm0000gn/T/rust_mozprofile.w7k7ahUhqbST
1483100423377	geckodriver::marionette	INFO	Starting browser /Applications/Firefox.app/Contents/MacOS/firefox-bin
1483100423389	geckodriver::marionette	INFO	Connecting to Marionette on localhost:57285
1483100424132	Marionette	INFO	Listening on port 57285
[GFX1-]: Receive IPC close with reason=AbnormalShutdown
[Child 22689] ###!!! ABORT: Aborting on channel error.: file /builds/slave/m-rel-m64-00000000000000000000/build/src/ipc/glue/MessageChannel.cpp, line 2056
[Child 22689] ###!!! ABORT: Aborting on channel error.: file /builds/slave/m-rel-m64-00000000000000000000/build/src/ipc/glue/MessageChannel.cpp, line 2056
1483100472622	geckodriver	INFO	Listening on 127.0.0.1:57329
1483100473627	mozprofile::profile	INFO	Using profile path /var/folders/8l/v_h4m26d2r39zrq0q46g9cdm0000gn/T/rust_mozprofile.IpYxzf0ZjJ26
1483100473628	geckodriver::marionette	INFO	Starting browser /Applications/Firefox.app/Contents/MacOS/firefox-bin
1483100473640	geckodriver::marionette	INFO	Connecting to Marionette on localhost:57338
1483100474281	Marionette	INFO	Listening on port 57338
1483101042799	geckodriver	INFO	Listening on 127.0.0.1:61307
1483101043805	mozprofile::profile	INFO	Using profile path /var/folders/8l/v_h4m26d2r39zrq0q46g9cdm0000gn/T/rust_mozprofile.zF1nwSmllzzk
1483101043806	geckodriver::marionette	INFO	Starting browser /Applications/Firefox.app/Contents/MacOS/firefox-bin
1483101043818	geckodriver::marionette	INFO	Connecting to Marionette on localhost:61316
1483101044521	Marionette	INFO	Listening on port 61316
